2024-12-05 18:03:33,993 - INFO - Iniciando ejecución del notebook: C:\\Users\\dalarroy\\surf-prediction-project\\main\\bio\\bio_pysurfline.ipynb
2024-12-05 18:03:47,036 - INFO - La ingesta del día 2024-12-05 18:03:47.036202 para el notebook C:\\Users\\dalarroy\\surf-prediction-project\\main\\bio\\bio_pysurfline.ipynb fue exitosa
2024-12-05 18:03:47,036 - INFO - Iniciando ejecución del notebook: C:\\Users\\dalarroy\\surf-prediction-project\\main\\bio\\bio_scrap.ipynb
2024-12-05 18:04:52,615 - INFO - La ingesta del día 2024-12-05 18:04:52.610159 para el notebook C:\\Users\\dalarroy\\surf-prediction-project\\main\\bio\\bio_scrap.ipynb fue exitosa
2024-12-05 18:04:52,621 - INFO - Iniciando ejecución del notebook: C:\Users\\dalarroy\\surf-prediction-project\\main\\pg\\Ingesta_pysurfline.ipynb
2024-12-05 18:05:02,694 - INFO - La ingesta del día 2024-12-05 18:05:02.694108 para el notebook C:\Users\\dalarroy\\surf-prediction-project\\main\\pg\\Ingesta_pysurfline.ipynb fue exitosa
2024-12-05 18:05:02,702 - INFO - Iniciando ejecución del notebook: C:\\Users\\dalarroy\\surf-prediction-project\\main\\pg\\surfline_scrap.ipynb
2024-12-05 18:05:29,721 - INFO - La ingesta del día 2024-12-05 18:05:29.721692 para el notebook C:\\Users\\dalarroy\\surf-prediction-project\\main\\pg\\surfline_scrap.ipynb fue exitosa
2024-12-05 18:05:29,721 - INFO - Iniciando ejecución del notebook: C:\\Users\\dalarroy\\surf-prediction-project\\main\\yatch\\yatch_pysurfline.ipynb
2024-12-05 18:05:42,498 - INFO - La ingesta del día 2024-12-05 18:05:42.498933 para el notebook C:\\Users\\dalarroy\\surf-prediction-project\\main\\yatch\\yatch_pysurfline.ipynb fue exitosa
2024-12-05 18:05:42,499 - INFO - Iniciando ejecución del notebook: C:\\Users\\dalarroy\\surf-prediction-project\\main\\yatch\\yatch_scrap.ipynb
2024-12-05 18:07:19,378 - INFO - La ingesta del día 2024-12-05 18:07:19.378634 para el notebook C:\\Users\\dalarroy\\surf-prediction-project\\main\\yatch\\yatch_scrap.ipynb fue exitosa
2024-12-06 18:12:16,424 - INFO - Iniciando ejecución del notebook: C:\\Users\\dalarroy\\surf-prediction-project\\main\\bio\\bio_pysurfline.ipynb
2024-12-06 18:12:32,231 - INFO - La ingesta del día 2024-12-06 18:12:32.231287 para el notebook C:\\Users\\dalarroy\\surf-prediction-project\\main\\bio\\bio_pysurfline.ipynb fue exitosa
2024-12-06 18:12:32,231 - INFO - Iniciando ejecución del notebook: C:\\Users\\dalarroy\\surf-prediction-project\\main\\bio\\bio_scrap.ipynb
2024-12-06 18:14:15,076 - INFO - La ingesta del día 2024-12-06 18:14:15.076163 para el notebook C:\\Users\\dalarroy\\surf-prediction-project\\main\\bio\\bio_scrap.ipynb fue exitosa
2024-12-06 18:14:15,079 - INFO - Iniciando ejecución del notebook: C:\Users\\dalarroy\\surf-prediction-project\\main\\pg\\Ingesta_pysurfline.ipynb
2024-12-06 18:14:30,850 - INFO - La ingesta del día 2024-12-06 18:14:30.850917 para el notebook C:\Users\\dalarroy\\surf-prediction-project\\main\\pg\\Ingesta_pysurfline.ipynb fue exitosa
2024-12-06 18:14:30,853 - INFO - Iniciando ejecución del notebook: C:\\Users\\dalarroy\\surf-prediction-project\\main\\pg\\surfline_scrap.ipynb
2024-12-06 18:14:58,334 - INFO - La ingesta del día 2024-12-06 18:14:58.334543 para el notebook C:\\Users\\dalarroy\\surf-prediction-project\\main\\pg\\surfline_scrap.ipynb fue exitosa
2024-12-06 18:14:58,334 - INFO - Iniciando ejecución del notebook: C:\\Users\\dalarroy\\surf-prediction-project\\main\\yatch\\yatch_pysurfline.ipynb
2024-12-06 18:15:10,193 - INFO - La ingesta del día 2024-12-06 18:15:10.193888 para el notebook C:\\Users\\dalarroy\\surf-prediction-project\\main\\yatch\\yatch_pysurfline.ipynb fue exitosa
2024-12-06 18:15:10,193 - INFO - Iniciando ejecución del notebook: C:\\Users\\dalarroy\\surf-prediction-project\\main\\yatch\\yatch_scrap.ipynb
2024-12-06 18:15:39,981 - INFO - La ingesta del día 2024-12-06 18:15:39.981296 para el notebook C:\\Users\\dalarroy\\surf-prediction-project\\main\\yatch\\yatch_scrap.ipynb fue exitosa
2024-12-07 18:20:13,588 - INFO - Iniciando ejecución del notebook: C:\\Users\\dalarroy\\surf-prediction-project\\main\\bio\\bio_pysurfline.ipynb
2024-12-07 18:20:23,909 - INFO - La ingesta del día 2024-12-07 18:20:23.909047 para el notebook C:\\Users\\dalarroy\\surf-prediction-project\\main\\bio\\bio_pysurfline.ipynb fue exitosa
2024-12-07 18:20:23,909 - INFO - Iniciando ejecución del notebook: C:\\Users\\dalarroy\\surf-prediction-project\\main\\bio\\bio_scrap.ipynb
2024-12-07 18:20:50,301 - INFO - La ingesta del día 2024-12-07 18:20:50.301037 para el notebook C:\\Users\\dalarroy\\surf-prediction-project\\main\\bio\\bio_scrap.ipynb fue exitosa
2024-12-07 18:20:50,301 - INFO - Iniciando ejecución del notebook: C:\Users\\dalarroy\\surf-prediction-project\\main\\pg\\Ingesta_pysurfline.ipynb
2024-12-07 18:20:59,818 - INFO - La ingesta del día 2024-12-07 18:20:59.818288 para el notebook C:\Users\\dalarroy\\surf-prediction-project\\main\\pg\\Ingesta_pysurfline.ipynb fue exitosa
2024-12-07 18:20:59,818 - INFO - Iniciando ejecución del notebook: C:\\Users\\dalarroy\\surf-prediction-project\\main\\pg\\surfline_scrap.ipynb
2024-12-07 18:21:35,173 - INFO - La ingesta del día 2024-12-07 18:21:35.173699 para el notebook C:\\Users\\dalarroy\\surf-prediction-project\\main\\pg\\surfline_scrap.ipynb fue exitosa
2024-12-07 18:21:35,173 - INFO - Iniciando ejecución del notebook: C:\\Users\\dalarroy\\surf-prediction-project\\main\\yatch\\yatch_pysurfline.ipynb
2024-12-07 18:21:45,095 - INFO - La ingesta del día 2024-12-07 18:21:45.095298 para el notebook C:\\Users\\dalarroy\\surf-prediction-project\\main\\yatch\\yatch_pysurfline.ipynb fue exitosa
2024-12-07 18:21:45,095 - INFO - Iniciando ejecución del notebook: C:\\Users\\dalarroy\\surf-prediction-project\\main\\yatch\\yatch_scrap.ipynb
2024-12-07 18:22:05,390 - INFO - La ingesta del día 2024-12-07 18:22:05.390443 para el notebook C:\\Users\\dalarroy\\surf-prediction-project\\main\\yatch\\yatch_scrap.ipynb fue exitosa
2024-12-08 21:45:03,351 - INFO - Iniciando ejecución del notebook: C:\\Users\\dalarroy\\surf-prediction-project\\main\\bio\\bio_pysurfline.ipynb
2024-12-08 21:45:16,344 - INFO - La ingesta del día 2024-12-08 21:45:16.344668 para el notebook C:\\Users\\dalarroy\\surf-prediction-project\\main\\bio\\bio_pysurfline.ipynb fue exitosa
2024-12-08 21:45:16,344 - INFO - Iniciando ejecución del notebook: C:\\Users\\dalarroy\\surf-prediction-project\\main\\bio\\bio_scrap.ipynb
2024-12-08 21:45:47,604 - INFO - La ingesta del día 2024-12-08 21:45:47.604645 para el notebook C:\\Users\\dalarroy\\surf-prediction-project\\main\\bio\\bio_scrap.ipynb fue exitosa
2024-12-08 21:45:47,605 - INFO - Iniciando ejecución del notebook: C:\Users\\dalarroy\\surf-prediction-project\\main\\pg\\Ingesta_pysurfline.ipynb
2024-12-08 21:45:59,314 - INFO - La ingesta del día 2024-12-08 21:45:59.314577 para el notebook C:\Users\\dalarroy\\surf-prediction-project\\main\\pg\\Ingesta_pysurfline.ipynb fue exitosa
2024-12-08 21:45:59,315 - INFO - Iniciando ejecución del notebook: C:\\Users\\dalarroy\\surf-prediction-project\\main\\pg\\surfline_scrap.ipynb
2024-12-08 21:46:51,170 - INFO - La ingesta del día 2024-12-08 21:46:51.170681 para el notebook C:\\Users\\dalarroy\\surf-prediction-project\\main\\pg\\surfline_scrap.ipynb fue exitosa
2024-12-08 21:46:51,172 - INFO - Iniciando ejecución del notebook: C:\\Users\\dalarroy\\surf-prediction-project\\main\\yatch\\yatch_pysurfline.ipynb
2024-12-08 21:47:06,084 - INFO - La ingesta del día 2024-12-08 21:47:06.084797 para el notebook C:\\Users\\dalarroy\\surf-prediction-project\\main\\yatch\\yatch_pysurfline.ipynb fue exitosa
2024-12-08 21:47:06,085 - INFO - Iniciando ejecución del notebook: C:\\Users\\dalarroy\\surf-prediction-project\\main\\yatch\\yatch_scrap.ipynb
2024-12-08 21:47:40,542 - INFO - La ingesta del día 2024-12-08 21:47:40.542914 para el notebook C:\\Users\\dalarroy\\surf-prediction-project\\main\\yatch\\yatch_scrap.ipynb fue exitosa
2024-12-09 18:48:39,341 - INFO - Iniciando ejecución del notebook: C:\\Users\\dalarroy\\surf-prediction-project\\main\\bio\\bio_pysurfline.ipynb
2024-12-09 18:48:48,331 - INFO - La ingesta del día 2024-12-09 18:48:48.331069 para el notebook C:\\Users\\dalarroy\\surf-prediction-project\\main\\bio\\bio_pysurfline.ipynb fue exitosa
2024-12-09 18:48:48,331 - INFO - Iniciando ejecución del notebook: C:\\Users\\dalarroy\\surf-prediction-project\\main\\bio\\bio_scrap.ipynb
2024-12-09 18:49:17,514 - INFO - La ingesta del día 2024-12-09 18:49:17.514908 para el notebook C:\\Users\\dalarroy\\surf-prediction-project\\main\\bio\\bio_scrap.ipynb fue exitosa
2024-12-09 18:49:17,514 - INFO - Iniciando ejecución del notebook: C:\Users\\dalarroy\\surf-prediction-project\\main\\pg\\Ingesta_pysurfline.ipynb
2024-12-09 18:49:28,281 - INFO - La ingesta del día 2024-12-09 18:49:28.281856 para el notebook C:\Users\\dalarroy\\surf-prediction-project\\main\\pg\\Ingesta_pysurfline.ipynb fue exitosa
2024-12-09 18:49:28,282 - INFO - Iniciando ejecución del notebook: C:\\Users\\dalarroy\\surf-prediction-project\\main\\pg\\surfline_scrap.ipynb
2024-12-09 18:49:54,141 - INFO - La ingesta del día 2024-12-09 18:49:54.141345 para el notebook C:\\Users\\dalarroy\\surf-prediction-project\\main\\pg\\surfline_scrap.ipynb fue exitosa
2024-12-09 18:49:54,142 - INFO - Iniciando ejecución del notebook: C:\\Users\\dalarroy\\surf-prediction-project\\main\\yatch\\yatch_pysurfline.ipynb
2024-12-09 18:50:04,819 - INFO - La ingesta del día 2024-12-09 18:50:04.818935 para el notebook C:\\Users\\dalarroy\\surf-prediction-project\\main\\yatch\\yatch_pysurfline.ipynb fue exitosa
2024-12-09 18:50:04,819 - INFO - Iniciando ejecución del notebook: C:\\Users\\dalarroy\\surf-prediction-project\\main\\yatch\\yatch_scrap.ipynb
2024-12-09 18:50:34,523 - INFO - La ingesta del día 2024-12-09 18:50:34.523274 para el notebook C:\\Users\\dalarroy\\surf-prediction-project\\main\\yatch\\yatch_scrap.ipynb fue exitosa
2024-12-10 18:34:49,686 - INFO - Iniciando ejecución del notebook: C:\\Users\\dalarroy\\surf-prediction-project\\main\\bio\\bio_pysurfline.ipynb
2024-12-10 18:35:02,176 - INFO - La ingesta del día 2024-12-10 18:35:02.176794 para el notebook C:\\Users\\dalarroy\\surf-prediction-project\\main\\bio\\bio_pysurfline.ipynb fue exitosa
2024-12-10 18:35:02,176 - INFO - Iniciando ejecución del notebook: C:\\Users\\dalarroy\\surf-prediction-project\\main\\bio\\bio_scrap.ipynb
2024-12-10 18:35:32,119 - INFO - La ingesta del día 2024-12-10 18:35:32.119475 para el notebook C:\\Users\\dalarroy\\surf-prediction-project\\main\\bio\\bio_scrap.ipynb fue exitosa
2024-12-10 18:35:32,119 - INFO - Iniciando ejecución del notebook: C:\Users\\dalarroy\\surf-prediction-project\\main\\pg\\Ingesta_pysurfline.ipynb
2024-12-10 18:35:45,131 - INFO - La ingesta del día 2024-12-10 18:35:45.131868 para el notebook C:\Users\\dalarroy\\surf-prediction-project\\main\\pg\\Ingesta_pysurfline.ipynb fue exitosa
2024-12-10 18:35:45,131 - INFO - Iniciando ejecución del notebook: C:\\Users\\dalarroy\\surf-prediction-project\\main\\pg\\surfline_scrap.ipynb
2024-12-10 18:36:53,383 - INFO - La ingesta del día 2024-12-10 18:36:53.383445 para el notebook C:\\Users\\dalarroy\\surf-prediction-project\\main\\pg\\surfline_scrap.ipynb fue exitosa
2024-12-10 18:36:53,383 - INFO - Iniciando ejecución del notebook: C:\\Users\\dalarroy\\surf-prediction-project\\main\\yatch\\yatch_pysurfline.ipynb
2024-12-10 18:37:06,774 - INFO - La ingesta del día 2024-12-10 18:37:06.774907 para el notebook C:\\Users\\dalarroy\\surf-prediction-project\\main\\yatch\\yatch_pysurfline.ipynb fue exitosa
2024-12-10 18:37:06,790 - INFO - Iniciando ejecución del notebook: C:\\Users\\dalarroy\\surf-prediction-project\\main\\yatch\\yatch_scrap.ipynb
2024-12-10 18:37:31,538 - INFO - La ingesta del día 2024-12-10 18:37:31.538541 para el notebook C:\\Users\\dalarroy\\surf-prediction-project\\main\\yatch\\yatch_scrap.ipynb fue exitosa
2024-12-11 21:34:08,774 - INFO - Iniciando ejecución del notebook: C:\\Users\\dalarroy\\surf-prediction-project\\main\\bio\\bio_pysurfline.ipynb
2024-12-11 21:34:28,136 - INFO - La ingesta del día 2024-12-11 21:34:28.136400 para el notebook C:\\Users\\dalarroy\\surf-prediction-project\\main\\bio\\bio_pysurfline.ipynb fue exitosa
2024-12-11 21:34:28,136 - INFO - Iniciando ejecución del notebook: C:\\Users\\dalarroy\\surf-prediction-project\\main\\bio\\bio_scrap.ipynb
2024-12-11 21:35:10,687 - INFO - La ingesta del día 2024-12-11 21:35:10.687245 para el notebook C:\\Users\\dalarroy\\surf-prediction-project\\main\\bio\\bio_scrap.ipynb fue exitosa
2024-12-11 21:35:10,688 - INFO - Iniciando ejecución del notebook: C:\Users\\dalarroy\\surf-prediction-project\\main\\pg\\Ingesta_pysurfline.ipynb
2024-12-11 21:35:22,478 - INFO - La ingesta del día 2024-12-11 21:35:22.478825 para el notebook C:\Users\\dalarroy\\surf-prediction-project\\main\\pg\\Ingesta_pysurfline.ipynb fue exitosa
2024-12-11 21:35:22,480 - INFO - Iniciando ejecución del notebook: C:\\Users\\dalarroy\\surf-prediction-project\\main\\pg\\surfline_scrap.ipynb
2024-12-11 21:35:53,974 - INFO - La ingesta del día 2024-12-11 21:35:53.974754 para el notebook C:\\Users\\dalarroy\\surf-prediction-project\\main\\pg\\surfline_scrap.ipynb fue exitosa
2024-12-11 21:35:53,976 - INFO - Iniciando ejecución del notebook: C:\\Users\\dalarroy\\surf-prediction-project\\main\\yatch\\yatch_pysurfline.ipynb
2024-12-11 21:36:10,443 - INFO - La ingesta del día 2024-12-11 21:36:10.443941 para el notebook C:\\Users\\dalarroy\\surf-prediction-project\\main\\yatch\\yatch_pysurfline.ipynb fue exitosa
2024-12-11 21:36:10,445 - INFO - Iniciando ejecución del notebook: C:\\Users\\dalarroy\\surf-prediction-project\\main\\yatch\\yatch_scrap.ipynb
2024-12-11 21:36:39,515 - INFO - La ingesta del día 2024-12-11 21:36:39.515533 para el notebook C:\\Users\\dalarroy\\surf-prediction-project\\main\\yatch\\yatch_scrap.ipynb fue exitosa
2024-12-12 18:57:19,978 - INFO - Iniciando ejecución del notebook: C:\\Users\\dalarroy\\surf-prediction-project\\main\\bio\\bio_pysurfline.ipynb
2024-12-12 18:57:31,929 - INFO - La ingesta del día 2024-12-12 18:57:31.929033 para el notebook C:\\Users\\dalarroy\\surf-prediction-project\\main\\bio\\bio_pysurfline.ipynb fue exitosa
2024-12-12 18:57:31,929 - INFO - Iniciando ejecución del notebook: C:\\Users\\dalarroy\\surf-prediction-project\\main\\bio\\bio_scrap.ipynb
2024-12-12 18:59:04,585 - INFO - La ingesta del día 2024-12-12 18:59:04.585952 para el notebook C:\\Users\\dalarroy\\surf-prediction-project\\main\\bio\\bio_scrap.ipynb fue exitosa
2024-12-12 18:59:04,585 - INFO - Iniciando ejecución del notebook: C:\Users\\dalarroy\\surf-prediction-project\\main\\pg\\Ingesta_pysurfline.ipynb
2024-12-12 18:59:18,227 - INFO - La ingesta del día 2024-12-12 18:59:18.227600 para el notebook C:\Users\\dalarroy\\surf-prediction-project\\main\\pg\\Ingesta_pysurfline.ipynb fue exitosa
2024-12-12 18:59:18,227 - INFO - Iniciando ejecución del notebook: C:\\Users\\dalarroy\\surf-prediction-project\\main\\pg\\surfline_scrap.ipynb
2024-12-12 19:00:56,998 - INFO - La ingesta del día 2024-12-12 19:00:56.998386 para el notebook C:\\Users\\dalarroy\\surf-prediction-project\\main\\pg\\surfline_scrap.ipynb fue exitosa
2024-12-12 19:00:56,998 - INFO - Iniciando ejecución del notebook: C:\\Users\\dalarroy\\surf-prediction-project\\main\\yatch\\yatch_pysurfline.ipynb
2024-12-12 19:01:11,823 - INFO - La ingesta del día 2024-12-12 19:01:11.823596 para el notebook C:\\Users\\dalarroy\\surf-prediction-project\\main\\yatch\\yatch_pysurfline.ipynb fue exitosa
2024-12-12 19:01:11,823 - INFO - Iniciando ejecución del notebook: C:\\Users\\dalarroy\\surf-prediction-project\\main\\yatch\\yatch_scrap.ipynb
2024-12-12 19:03:11,690 - INFO - La ingesta del día 2024-12-12 19:03:11.690573 para el notebook C:\\Users\\dalarroy\\surf-prediction-project\\main\\yatch\\yatch_scrap.ipynb fue exitosa
2024-12-13 20:57:24,173 - INFO - Iniciando ejecución del notebook: C:\\Users\\dalarroy\\surf-prediction-project\\main\\bio\\bio_pysurfline.ipynb
2024-12-13 20:57:47,102 - INFO - La ingesta del día 2024-12-13 20:57:47.102725 para el notebook C:\\Users\\dalarroy\\surf-prediction-project\\main\\bio\\bio_pysurfline.ipynb fue exitosa
2024-12-13 20:57:47,102 - INFO - Iniciando ejecución del notebook: C:\\Users\\dalarroy\\surf-prediction-project\\main\\bio\\bio_scrap.ipynb
2024-12-13 20:59:17,788 - INFO - La ingesta del día 2024-12-13 20:59:17.788926 para el notebook C:\\Users\\dalarroy\\surf-prediction-project\\main\\bio\\bio_scrap.ipynb fue exitosa
2024-12-13 20:59:17,788 - INFO - Iniciando ejecución del notebook: C:\Users\\dalarroy\\surf-prediction-project\\main\\pg\\Ingesta_pysurfline.ipynb
2024-12-13 20:59:33,383 - INFO - La ingesta del día 2024-12-13 20:59:33.383810 para el notebook C:\Users\\dalarroy\\surf-prediction-project\\main\\pg\\Ingesta_pysurfline.ipynb fue exitosa
2024-12-13 20:59:33,387 - INFO - Iniciando ejecución del notebook: C:\\Users\\dalarroy\\surf-prediction-project\\main\\pg\\surfline_scrap.ipynb
2024-12-13 21:01:11,571 - INFO - La ingesta del día 2024-12-13 21:01:11.571578 para el notebook C:\\Users\\dalarroy\\surf-prediction-project\\main\\pg\\surfline_scrap.ipynb fue exitosa
2024-12-13 21:01:11,571 - INFO - Iniciando ejecución del notebook: C:\\Users\\dalarroy\\surf-prediction-project\\main\\yatch\\yatch_pysurfline.ipynb
2024-12-13 21:01:22,649 - INFO - La ingesta del día 2024-12-13 21:01:22.649546 para el notebook C:\\Users\\dalarroy\\surf-prediction-project\\main\\yatch\\yatch_pysurfline.ipynb fue exitosa
2024-12-13 21:01:22,649 - INFO - Iniciando ejecución del notebook: C:\\Users\\dalarroy\\surf-prediction-project\\main\\yatch\\yatch_scrap.ipynb
2024-12-13 21:03:01,413 - INFO - La ingesta del día 2024-12-13 21:03:01.413059 para el notebook C:\\Users\\dalarroy\\surf-prediction-project\\main\\yatch\\yatch_scrap.ipynb fue exitosa
2024-12-14 23:41:31,591 - INFO - Iniciando ejecución del notebook: C:\\Users\\dalarroy\\surf-prediction-project\\main\\bio\\bio_pysurfline.ipynb
2024-12-14 23:45:54,784 - INFO - La ingesta del día 2024-12-14 23:45:54.784567 para el notebook C:\\Users\\dalarroy\\surf-prediction-project\\main\\bio\\bio_pysurfline.ipynb fue exitosa
2024-12-14 23:45:54,784 - INFO - Iniciando ejecución del notebook: C:\\Users\\dalarroy\\surf-prediction-project\\main\\bio\\bio_scrap.ipynb
2024-12-14 23:46:24,434 - INFO - La ingesta del día 2024-12-14 23:46:24.434347 para el notebook C:\\Users\\dalarroy\\surf-prediction-project\\main\\bio\\bio_scrap.ipynb fue exitosa
2024-12-14 23:46:24,434 - INFO - Iniciando ejecución del notebook: C:\Users\\dalarroy\\surf-prediction-project\\main\\pg\\Ingesta_pysurfline.ipynb
2024-12-14 23:50:46,437 - INFO - La ingesta del día 2024-12-14 23:50:46.437216 para el notebook C:\Users\\dalarroy\\surf-prediction-project\\main\\pg\\Ingesta_pysurfline.ipynb fue exitosa
2024-12-14 23:50:46,437 - INFO - Iniciando ejecución del notebook: C:\\Users\\dalarroy\\surf-prediction-project\\main\\pg\\surfline_scrap.ipynb
2024-12-14 23:52:18,785 - INFO - La ingesta del día 2024-12-14 23:52:18.785461 para el notebook C:\\Users\\dalarroy\\surf-prediction-project\\main\\pg\\surfline_scrap.ipynb fue exitosa
2024-12-14 23:52:18,785 - INFO - Iniciando ejecución del notebook: C:\\Users\\dalarroy\\surf-prediction-project\\main\\yatch\\yatch_pysurfline.ipynb
2024-12-14 23:56:40,679 - INFO - La ingesta del día 2024-12-14 23:56:40.679690 para el notebook C:\\Users\\dalarroy\\surf-prediction-project\\main\\yatch\\yatch_pysurfline.ipynb fue exitosa
2024-12-14 23:56:40,679 - INFO - Iniciando ejecución del notebook: C:\\Users\\dalarroy\\surf-prediction-project\\main\\yatch\\yatch_scrap.ipynb
2024-12-14 23:57:04,396 - INFO - La ingesta del día 2024-12-14 23:57:04.396877 para el notebook C:\\Users\\dalarroy\\surf-prediction-project\\main\\yatch\\yatch_scrap.ipynb fue exitosa
2024-12-15 23:07:42,328 - INFO - Iniciando ejecución del notebook: C:\\Users\\dalarroy\\surf-prediction-project\\main\\bio\\bio_pysurfline.ipynb
2024-12-15 23:12:16,762 - INFO - La ingesta del día 2024-12-15 23:12:16.762294 para el notebook C:\\Users\\dalarroy\\surf-prediction-project\\main\\bio\\bio_pysurfline.ipynb fue exitosa
2024-12-15 23:12:16,762 - INFO - Iniciando ejecución del notebook: C:\\Users\\dalarroy\\surf-prediction-project\\main\\bio\\bio_scrap.ipynb
2024-12-15 23:12:55,729 - INFO - La ingesta del día 2024-12-15 23:12:55.729151 para el notebook C:\\Users\\dalarroy\\surf-prediction-project\\main\\bio\\bio_scrap.ipynb fue exitosa
2024-12-15 23:12:55,729 - INFO - Iniciando ejecución del notebook: C:\Users\\dalarroy\\surf-prediction-project\\main\\pg\\Ingesta_pysurfline.ipynb
2024-12-15 23:17:24,731 - INFO - La ingesta del día 2024-12-15 23:17:24.731652 para el notebook C:\Users\\dalarroy\\surf-prediction-project\\main\\pg\\Ingesta_pysurfline.ipynb fue exitosa
2024-12-15 23:17:24,731 - INFO - Iniciando ejecución del notebook: C:\\Users\\dalarroy\\surf-prediction-project\\main\\pg\\surfline_scrap.ipynb
2024-12-15 23:18:35,396 - INFO - La ingesta del día 2024-12-15 23:18:35.396272 para el notebook C:\\Users\\dalarroy\\surf-prediction-project\\main\\pg\\surfline_scrap.ipynb fue exitosa
2024-12-15 23:18:35,396 - INFO - Iniciando ejecución del notebook: C:\\Users\\dalarroy\\surf-prediction-project\\main\\yatch\\yatch_pysurfline.ipynb
2024-12-15 23:23:02,588 - INFO - La ingesta del día 2024-12-15 23:23:02.588749 para el notebook C:\\Users\\dalarroy\\surf-prediction-project\\main\\yatch\\yatch_pysurfline.ipynb fue exitosa
2024-12-15 23:23:02,588 - INFO - Iniciando ejecución del notebook: C:\\Users\\dalarroy\\surf-prediction-project\\main\\yatch\\yatch_scrap.ipynb
2024-12-15 23:24:47,784 - INFO - La ingesta del día 2024-12-15 23:24:47.784966 para el notebook C:\\Users\\dalarroy\\surf-prediction-project\\main\\yatch\\yatch_scrap.ipynb fue exitosa
2024-12-16 18:24:56,637 - INFO - Iniciando ejecución del notebook: C:\\Users\\dalarroy\\surf-prediction-project\\main\\bio\\bio_pysurfline.ipynb
2024-12-16 18:25:09,607 - INFO - La ingesta del día 2024-12-16 18:25:09.607489 para el notebook C:\\Users\\dalarroy\\surf-prediction-project\\main\\bio\\bio_pysurfline.ipynb fue exitosa
2024-12-16 18:25:09,607 - INFO - Iniciando ejecución del notebook: C:\\Users\\dalarroy\\surf-prediction-project\\main\\bio\\bio_scrap.ipynb
2024-12-16 18:25:38,498 - INFO - La ingesta del día 2024-12-16 18:25:38.498573 para el notebook C:\\Users\\dalarroy\\surf-prediction-project\\main\\bio\\bio_scrap.ipynb fue exitosa
2024-12-16 18:25:38,498 - INFO - Iniciando ejecución del notebook: C:\Users\\dalarroy\\surf-prediction-project\\main\\pg\\Ingesta_pysurfline.ipynb
2024-12-16 18:25:46,449 - INFO - La ingesta del día 2024-12-16 18:25:46.449480 para el notebook C:\Users\\dalarroy\\surf-prediction-project\\main\\pg\\Ingesta_pysurfline.ipynb fue exitosa
2024-12-16 18:25:46,449 - INFO - Iniciando ejecución del notebook: C:\\Users\\dalarroy\\surf-prediction-project\\main\\pg\\surfline_scrap.ipynb
2024-12-16 18:27:38,053 - INFO - La ingesta del día 2024-12-16 18:27:38.053971 para el notebook C:\\Users\\dalarroy\\surf-prediction-project\\main\\pg\\surfline_scrap.ipynb fue exitosa
2024-12-16 18:27:38,054 - INFO - Iniciando ejecución del notebook: C:\\Users\\dalarroy\\surf-prediction-project\\main\\yatch\\yatch_pysurfline.ipynb
2024-12-16 18:27:46,919 - INFO - La ingesta del día 2024-12-16 18:27:46.919015 para el notebook C:\\Users\\dalarroy\\surf-prediction-project\\main\\yatch\\yatch_pysurfline.ipynb fue exitosa
2024-12-16 18:27:46,919 - INFO - Iniciando ejecución del notebook: C:\\Users\\dalarroy\\surf-prediction-project\\main\\yatch\\yatch_scrap.ipynb
2024-12-16 18:28:12,872 - INFO - La ingesta del día 2024-12-16 18:28:12.872782 para el notebook C:\\Users\\dalarroy\\surf-prediction-project\\main\\yatch\\yatch_scrap.ipynb fue exitosa
2024-12-17 17:55:47,060 - INFO - Iniciando ejecución del notebook: C:\\Users\\dalarroy\\surf-prediction-project\\main\\bio\\bio_pysurfline.ipynb
2024-12-17 17:55:56,951 - INFO - La ingesta del día 2024-12-17 17:55:56.951427 para el notebook C:\\Users\\dalarroy\\surf-prediction-project\\main\\bio\\bio_pysurfline.ipynb fue exitosa
2024-12-17 17:55:56,952 - INFO - Iniciando ejecución del notebook: C:\\Users\\dalarroy\\surf-prediction-project\\main\\bio\\bio_scrap.ipynb
2024-12-17 17:56:20,188 - INFO - La ingesta del día 2024-12-17 17:56:20.188283 para el notebook C:\\Users\\dalarroy\\surf-prediction-project\\main\\bio\\bio_scrap.ipynb fue exitosa
2024-12-17 17:56:20,189 - INFO - Iniciando ejecución del notebook: C:\Users\\dalarroy\\surf-prediction-project\\main\\pg\\Ingesta_pysurfline.ipynb
2024-12-17 17:56:28,910 - INFO - La ingesta del día 2024-12-17 17:56:28.910770 para el notebook C:\Users\\dalarroy\\surf-prediction-project\\main\\pg\\Ingesta_pysurfline.ipynb fue exitosa
2024-12-17 17:56:28,912 - INFO - Iniciando ejecución del notebook: C:\\Users\\dalarroy\\surf-prediction-project\\main\\pg\\surfline_scrap.ipynb
2024-12-17 17:56:50,999 - INFO - La ingesta del día 2024-12-17 17:56:50.998387 para el notebook C:\\Users\\dalarroy\\surf-prediction-project\\main\\pg\\surfline_scrap.ipynb fue exitosa
2024-12-17 17:56:51,000 - INFO - Iniciando ejecución del notebook: C:\\Users\\dalarroy\\surf-prediction-project\\main\\yatch\\yatch_pysurfline.ipynb
2024-12-17 17:57:08,169 - INFO - La ingesta del día 2024-12-17 17:57:08.169258 para el notebook C:\\Users\\dalarroy\\surf-prediction-project\\main\\yatch\\yatch_pysurfline.ipynb fue exitosa
2024-12-17 17:57:08,170 - INFO - Iniciando ejecución del notebook: C:\\Users\\dalarroy\\surf-prediction-project\\main\\yatch\\yatch_scrap.ipynb
2024-12-17 17:57:31,471 - INFO - La ingesta del día 2024-12-17 17:57:31.471696 para el notebook C:\\Users\\dalarroy\\surf-prediction-project\\main\\yatch\\yatch_scrap.ipynb fue exitosa
2024-12-18 16:54:04,356 - INFO - Iniciando ejecución del notebook: C:\\Users\\dalarroy\\surf-prediction-project\\main\\bio\\bio_pysurfline.ipynb
2024-12-18 16:54:22,546 - INFO - La ingesta del día 2024-12-18 16:54:22.546149 para el notebook C:\\Users\\dalarroy\\surf-prediction-project\\main\\bio\\bio_pysurfline.ipynb fue exitosa
2024-12-18 16:54:22,547 - INFO - Iniciando ejecución del notebook: C:\\Users\\dalarroy\\surf-prediction-project\\main\\bio\\bio_scrap.ipynb
2024-12-18 16:55:00,102 - INFO - La ingesta del día 2024-12-18 16:55:00.102890 para el notebook C:\\Users\\dalarroy\\surf-prediction-project\\main\\bio\\bio_scrap.ipynb fue exitosa
2024-12-18 16:55:00,102 - INFO - Iniciando ejecución del notebook: C:\Users\\dalarroy\\surf-prediction-project\\main\\pg\\Ingesta_pysurfline.ipynb
2024-12-18 16:55:18,809 - INFO - La ingesta del día 2024-12-18 16:55:18.809427 para el notebook C:\Users\\dalarroy\\surf-prediction-project\\main\\pg\\Ingesta_pysurfline.ipynb fue exitosa
2024-12-18 16:55:18,809 - INFO - Iniciando ejecución del notebook: C:\\Users\\dalarroy\\surf-prediction-project\\main\\pg\\surfline_scrap.ipynb
2024-12-18 16:56:57,951 - INFO - La ingesta del día 2024-12-18 16:56:57.951180 para el notebook C:\\Users\\dalarroy\\surf-prediction-project\\main\\pg\\surfline_scrap.ipynb fue exitosa
2024-12-18 16:56:57,951 - INFO - Iniciando ejecución del notebook: C:\\Users\\dalarroy\\surf-prediction-project\\main\\yatch\\yatch_pysurfline.ipynb
2024-12-18 16:57:13,646 - INFO - La ingesta del día 2024-12-18 16:57:13.646933 para el notebook C:\\Users\\dalarroy\\surf-prediction-project\\main\\yatch\\yatch_pysurfline.ipynb fue exitosa
2024-12-18 16:57:13,646 - INFO - Iniciando ejecución del notebook: C:\\Users\\dalarroy\\surf-prediction-project\\main\\yatch\\yatch_scrap.ipynb
2024-12-18 16:57:49,410 - INFO - La ingesta del día 2024-12-18 16:57:49.410291 para el notebook C:\\Users\\dalarroy\\surf-prediction-project\\main\\yatch\\yatch_scrap.ipynb fue exitosa
2024-12-19 18:46:53,744 - INFO - Iniciando ejecución del notebook: C:\\Users\\dalarroy\\surf-prediction-project\\main\\bio\\bio_pysurfline.ipynb
2024-12-19 18:47:11,937 - INFO - La ingesta del día 2024-12-19 18:47:11.937433 para el notebook C:\\Users\\dalarroy\\surf-prediction-project\\main\\bio\\bio_pysurfline.ipynb fue exitosa
2024-12-19 18:47:11,937 - INFO - Iniciando ejecución del notebook: C:\\Users\\dalarroy\\surf-prediction-project\\main\\bio\\bio_scrap.ipynb
2024-12-19 18:48:48,185 - INFO - La ingesta del día 2024-12-19 18:48:48.185000 para el notebook C:\\Users\\dalarroy\\surf-prediction-project\\main\\bio\\bio_scrap.ipynb fue exitosa
2024-12-19 18:48:48,185 - INFO - Iniciando ejecución del notebook: C:\Users\\dalarroy\\surf-prediction-project\\main\\pg\\Ingesta_pysurfline.ipynb
2024-12-19 18:49:00,871 - INFO - La ingesta del día 2024-12-19 18:49:00.871011 para el notebook C:\Users\\dalarroy\\surf-prediction-project\\main\\pg\\Ingesta_pysurfline.ipynb fue exitosa
2024-12-19 18:49:00,871 - INFO - Iniciando ejecución del notebook: C:\\Users\\dalarroy\\surf-prediction-project\\main\\pg\\surfline_scrap.ipynb
2024-12-19 18:51:14,021 - INFO - La ingesta del día 2024-12-19 18:51:14.019744 para el notebook C:\\Users\\dalarroy\\surf-prediction-project\\main\\pg\\surfline_scrap.ipynb fue exitosa
2024-12-19 18:51:14,021 - INFO - Iniciando ejecución del notebook: C:\\Users\\dalarroy\\surf-prediction-project\\main\\yatch\\yatch_pysurfline.ipynb
2024-12-19 18:51:26,847 - INFO - La ingesta del día 2024-12-19 18:51:26.847798 para el notebook C:\\Users\\dalarroy\\surf-prediction-project\\main\\yatch\\yatch_pysurfline.ipynb fue exitosa
2024-12-19 18:51:26,847 - INFO - Iniciando ejecución del notebook: C:\\Users\\dalarroy\\surf-prediction-project\\main\\yatch\\yatch_scrap.ipynb
2024-12-19 18:51:57,955 - INFO - La ingesta del día 2024-12-19 18:51:57.955397 para el notebook C:\\Users\\dalarroy\\surf-prediction-project\\main\\yatch\\yatch_scrap.ipynb fue exitosa
2024-12-20 15:48:17,277 - INFO - Iniciando ejecución del notebook: C:\\Users\\dalarroy\\surf-prediction-project\\main\\bio\\bio_pysurfline.ipynb
2024-12-20 15:48:40,683 - INFO - La ingesta del día 2024-12-20 15:48:40.683841 para el notebook C:\\Users\\dalarroy\\surf-prediction-project\\main\\bio\\bio_pysurfline.ipynb fue exitosa
2024-12-20 15:48:40,685 - INFO - Iniciando ejecución del notebook: C:\\Users\\dalarroy\\surf-prediction-project\\main\\bio\\bio_scrap.ipynb
2024-12-20 15:49:58,708 - INFO - La ingesta del día 2024-12-20 15:49:58.708613 para el notebook C:\\Users\\dalarroy\\surf-prediction-project\\main\\bio\\bio_scrap.ipynb fue exitosa
2024-12-20 15:49:58,710 - INFO - Iniciando ejecución del notebook: C:\Users\\dalarroy\\surf-prediction-project\\main\\pg\\Ingesta_pysurfline.ipynb
2024-12-20 15:50:22,870 - INFO - La ingesta del día 2024-12-20 15:50:22.870086 para el notebook C:\Users\\dalarroy\\surf-prediction-project\\main\\pg\\Ingesta_pysurfline.ipynb fue exitosa
2024-12-20 15:50:22,872 - INFO - Iniciando ejecución del notebook: C:\\Users\\dalarroy\\surf-prediction-project\\main\\pg\\surfline_scrap.ipynb
2024-12-20 15:52:10,701 - INFO - La ingesta del día 2024-12-20 15:52:10.700276 para el notebook C:\\Users\\dalarroy\\surf-prediction-project\\main\\pg\\surfline_scrap.ipynb fue exitosa
2024-12-20 15:52:10,702 - INFO - Iniciando ejecución del notebook: C:\\Users\\dalarroy\\surf-prediction-project\\main\\yatch\\yatch_pysurfline.ipynb
2024-12-20 15:52:30,942 - INFO - La ingesta del día 2024-12-20 15:52:30.942437 para el notebook C:\\Users\\dalarroy\\surf-prediction-project\\main\\yatch\\yatch_pysurfline.ipynb fue exitosa
2024-12-20 15:52:30,944 - INFO - Iniciando ejecución del notebook: C:\\Users\\dalarroy\\surf-prediction-project\\main\\yatch\\yatch_scrap.ipynb
2024-12-20 15:53:01,435 - INFO - La ingesta del día 2024-12-20 15:53:01.435903 para el notebook C:\\Users\\dalarroy\\surf-prediction-project\\main\\yatch\\yatch_scrap.ipynb fue exitosa
2024-12-21 19:31:17,797 - INFO - Iniciando ejecución del notebook: C:\\Users\\dalarroy\\surf-prediction-project\\main\\bio\\bio_pysurfline.ipynb
2024-12-21 19:31:32,200 - INFO - La ingesta del día 2024-12-21 19:31:32.200034 para el notebook C:\\Users\\dalarroy\\surf-prediction-project\\main\\bio\\bio_pysurfline.ipynb fue exitosa
2024-12-21 19:31:32,200 - INFO - Iniciando ejecución del notebook: C:\\Users\\dalarroy\\surf-prediction-project\\main\\bio\\bio_scrap.ipynb
2024-12-21 19:32:06,083 - INFO - La ingesta del día 2024-12-21 19:32:06.083135 para el notebook C:\\Users\\dalarroy\\surf-prediction-project\\main\\bio\\bio_scrap.ipynb fue exitosa
2024-12-21 19:32:06,083 - INFO - Iniciando ejecución del notebook: C:\Users\\dalarroy\\surf-prediction-project\\main\\pg\\Ingesta_pysurfline.ipynb
2024-12-21 19:32:16,942 - INFO - La ingesta del día 2024-12-21 19:32:16.942540 para el notebook C:\Users\\dalarroy\\surf-prediction-project\\main\\pg\\Ingesta_pysurfline.ipynb fue exitosa
2024-12-21 19:32:16,942 - INFO - Iniciando ejecución del notebook: C:\\Users\\dalarroy\\surf-prediction-project\\main\\pg\\surfline_scrap.ipynb
2024-12-21 19:32:47,607 - INFO - La ingesta del día 2024-12-21 19:32:47.607089 para el notebook C:\\Users\\dalarroy\\surf-prediction-project\\main\\pg\\surfline_scrap.ipynb fue exitosa
2024-12-21 19:32:47,607 - INFO - Iniciando ejecución del notebook: C:\\Users\\dalarroy\\surf-prediction-project\\main\\yatch\\yatch_pysurfline.ipynb
2024-12-21 19:33:00,622 - INFO - La ingesta del día 2024-12-21 19:33:00.622698 para el notebook C:\\Users\\dalarroy\\surf-prediction-project\\main\\yatch\\yatch_pysurfline.ipynb fue exitosa
2024-12-21 19:33:00,622 - INFO - Iniciando ejecución del notebook: C:\\Users\\dalarroy\\surf-prediction-project\\main\\yatch\\yatch_scrap.ipynb
2024-12-21 19:34:39,108 - INFO - La ingesta del día 2024-12-21 19:34:39.108842 para el notebook C:\\Users\\dalarroy\\surf-prediction-project\\main\\yatch\\yatch_scrap.ipynb fue exitosa
2024-12-22 16:09:25,918 - INFO - Iniciando ejecución del notebook: C:\\Users\\dalarroy\\surf-prediction-project\\main\\bio\\bio_pysurfline.ipynb
2024-12-22 16:09:41,552 - INFO - La ingesta del día 2024-12-22 16:09:41.552789 para el notebook C:\\Users\\dalarroy\\surf-prediction-project\\main\\bio\\bio_pysurfline.ipynb fue exitosa
2024-12-22 16:09:41,561 - INFO - Iniciando ejecución del notebook: C:\\Users\\dalarroy\\surf-prediction-project\\main\\bio\\bio_scrap.ipynb
2024-12-22 16:10:09,478 - INFO - La ingesta del día 2024-12-22 16:10:09.478001 para el notebook C:\\Users\\dalarroy\\surf-prediction-project\\main\\bio\\bio_scrap.ipynb fue exitosa
2024-12-22 16:10:09,478 - INFO - Iniciando ejecución del notebook: C:\Users\\dalarroy\\surf-prediction-project\\main\\pg\\Ingesta_pysurfline.ipynb
2024-12-22 16:10:17,707 - INFO - La ingesta del día 2024-12-22 16:10:17.707324 para el notebook C:\Users\\dalarroy\\surf-prediction-project\\main\\pg\\Ingesta_pysurfline.ipynb fue exitosa
2024-12-22 16:10:17,707 - INFO - Iniciando ejecución del notebook: C:\\Users\\dalarroy\\surf-prediction-project\\main\\pg\\surfline_scrap.ipynb
2024-12-22 16:10:40,659 - INFO - La ingesta del día 2024-12-22 16:10:40.659632 para el notebook C:\\Users\\dalarroy\\surf-prediction-project\\main\\pg\\surfline_scrap.ipynb fue exitosa
2024-12-22 16:10:40,660 - INFO - Iniciando ejecución del notebook: C:\\Users\\dalarroy\\surf-prediction-project\\main\\yatch\\yatch_pysurfline.ipynb
2024-12-22 16:10:49,048 - INFO - La ingesta del día 2024-12-22 16:10:49.048046 para el notebook C:\\Users\\dalarroy\\surf-prediction-project\\main\\yatch\\yatch_pysurfline.ipynb fue exitosa
2024-12-22 16:10:49,048 - INFO - Iniciando ejecución del notebook: C:\\Users\\dalarroy\\surf-prediction-project\\main\\yatch\\yatch_scrap.ipynb
2024-12-22 16:11:24,073 - INFO - La ingesta del día 2024-12-22 16:11:24.073017 para el notebook C:\\Users\\dalarroy\\surf-prediction-project\\main\\yatch\\yatch_scrap.ipynb fue exitosa
2024-12-23 20:33:35,890 - INFO - Iniciando ejecución del notebook: C:\\Users\\dalarroy\\surf-prediction-project\\main\\bio\\bio_pysurfline.ipynb
2024-12-23 20:33:54,545 - INFO - La ingesta del día 2024-12-23 20:33:54.545151 para el notebook C:\\Users\\dalarroy\\surf-prediction-project\\main\\bio\\bio_pysurfline.ipynb fue exitosa
2024-12-23 20:33:54,545 - INFO - Iniciando ejecución del notebook: C:\\Users\\dalarroy\\surf-prediction-project\\main\\bio\\bio_scrap.ipynb
2024-12-23 20:35:55,613 - INFO - La ingesta del día 2024-12-23 20:35:55.613897 para el notebook C:\\Users\\dalarroy\\surf-prediction-project\\main\\bio\\bio_scrap.ipynb fue exitosa
2024-12-23 20:35:55,613 - INFO - Iniciando ejecución del notebook: C:\Users\\dalarroy\\surf-prediction-project\\main\\pg\\Ingesta_pysurfline.ipynb
2024-12-23 20:36:15,167 - INFO - La ingesta del día 2024-12-23 20:36:15.167139 para el notebook C:\Users\\dalarroy\\surf-prediction-project\\main\\pg\\Ingesta_pysurfline.ipynb fue exitosa
2024-12-23 20:36:15,170 - INFO - Iniciando ejecución del notebook: C:\\Users\\dalarroy\\surf-prediction-project\\main\\pg\\surfline_scrap.ipynb
2024-12-23 20:36:56,620 - INFO - La ingesta del día 2024-12-23 20:36:56.620968 para el notebook C:\\Users\\dalarroy\\surf-prediction-project\\main\\pg\\surfline_scrap.ipynb fue exitosa
2024-12-23 20:36:56,623 - INFO - Iniciando ejecución del notebook: C:\\Users\\dalarroy\\surf-prediction-project\\main\\yatch\\yatch_pysurfline.ipynb
2024-12-23 20:37:08,425 - INFO - La ingesta del día 2024-12-23 20:37:08.425168 para el notebook C:\\Users\\dalarroy\\surf-prediction-project\\main\\yatch\\yatch_pysurfline.ipynb fue exitosa
2024-12-23 20:37:08,425 - INFO - Iniciando ejecución del notebook: C:\\Users\\dalarroy\\surf-prediction-project\\main\\yatch\\yatch_scrap.ipynb
2024-12-23 20:37:42,008 - INFO - La ingesta del día 2024-12-23 20:37:42.008323 para el notebook C:\\Users\\dalarroy\\surf-prediction-project\\main\\yatch\\yatch_scrap.ipynb fue exitosa
2024-12-25 15:46:14,397 - INFO - Iniciando ejecución del notebook: C:\\Users\\dalarroy\\surf-prediction-project\\main\\bio\\bio_pysurfline.ipynb
2024-12-25 15:46:25,123 - INFO - La ingesta del día 2024-12-25 15:46:25.123927 para el notebook C:\\Users\\dalarroy\\surf-prediction-project\\main\\bio\\bio_pysurfline.ipynb fue exitosa
2024-12-25 15:46:25,123 - INFO - Iniciando ejecución del notebook: C:\\Users\\dalarroy\\surf-prediction-project\\main\\bio\\bio_scrap.ipynb
2024-12-25 15:46:57,118 - INFO - La ingesta del día 2024-12-25 15:46:57.118796 para el notebook C:\\Users\\dalarroy\\surf-prediction-project\\main\\bio\\bio_scrap.ipynb fue exitosa
2024-12-25 15:46:57,118 - INFO - Iniciando ejecución del notebook: C:\Users\\dalarroy\\surf-prediction-project\\main\\pg\\Ingesta_pysurfline.ipynb
2024-12-25 15:47:10,899 - INFO - La ingesta del día 2024-12-25 15:47:10.899311 para el notebook C:\Users\\dalarroy\\surf-prediction-project\\main\\pg\\Ingesta_pysurfline.ipynb fue exitosa
2024-12-25 15:47:10,899 - INFO - Iniciando ejecución del notebook: C:\\Users\\dalarroy\\surf-prediction-project\\main\\pg\\surfline_scrap.ipynb
2024-12-25 15:47:39,871 - INFO - La ingesta del día 2024-12-25 15:47:39.871705 para el notebook C:\\Users\\dalarroy\\surf-prediction-project\\main\\pg\\surfline_scrap.ipynb fue exitosa
2024-12-25 15:47:39,871 - INFO - Iniciando ejecución del notebook: C:\\Users\\dalarroy\\surf-prediction-project\\main\\yatch\\yatch_pysurfline.ipynb
2024-12-25 15:47:54,508 - INFO - La ingesta del día 2024-12-25 15:47:54.508589 para el notebook C:\\Users\\dalarroy\\surf-prediction-project\\main\\yatch\\yatch_pysurfline.ipynb fue exitosa
2024-12-25 15:47:54,508 - INFO - Iniciando ejecución del notebook: C:\\Users\\dalarroy\\surf-prediction-project\\main\\yatch\\yatch_scrap.ipynb
2024-12-25 15:48:27,460 - INFO - La ingesta del día 2024-12-25 15:48:27.460384 para el notebook C:\\Users\\dalarroy\\surf-prediction-project\\main\\yatch\\yatch_scrap.ipynb fue exitosa
2024-12-26 17:05:11,474 - INFO - Iniciando ejecución del notebook: C:\\Users\\dalarroy\\surf-prediction-project\\main\\bio\\bio_pysurfline.ipynb
2024-12-26 17:09:45,574 - INFO - La ingesta del día 2024-12-26 17:09:45.574329 para el notebook C:\\Users\\dalarroy\\surf-prediction-project\\main\\bio\\bio_pysurfline.ipynb fue exitosa
2024-12-26 17:09:45,578 - INFO - Iniciando ejecución del notebook: C:\\Users\\dalarroy\\surf-prediction-project\\main\\bio\\bio_scrap.ipynb
2024-12-26 17:11:34,283 - INFO - La ingesta del día 2024-12-26 17:11:34.283426 para el notebook C:\\Users\\dalarroy\\surf-prediction-project\\main\\bio\\bio_scrap.ipynb fue exitosa
2024-12-26 17:11:34,285 - INFO - Iniciando ejecución del notebook: C:\Users\\dalarroy\\surf-prediction-project\\main\\pg\\Ingesta_pysurfline.ipynb
2024-12-26 17:16:08,588 - INFO - La ingesta del día 2024-12-26 17:16:08.588816 para el notebook C:\Users\\dalarroy\\surf-prediction-project\\main\\pg\\Ingesta_pysurfline.ipynb fue exitosa
2024-12-26 17:16:08,588 - INFO - Iniciando ejecución del notebook: C:\\Users\\dalarroy\\surf-prediction-project\\main\\pg\\surfline_scrap.ipynb
2024-12-26 17:16:38,384 - INFO - La ingesta del día 2024-12-26 17:16:38.384565 para el notebook C:\\Users\\dalarroy\\surf-prediction-project\\main\\pg\\surfline_scrap.ipynb fue exitosa
2024-12-26 17:16:38,384 - INFO - Iniciando ejecución del notebook: C:\\Users\\dalarroy\\surf-prediction-project\\main\\yatch\\yatch_pysurfline.ipynb
2024-12-26 17:21:06,401 - INFO - La ingesta del día 2024-12-26 17:21:06.401535 para el notebook C:\\Users\\dalarroy\\surf-prediction-project\\main\\yatch\\yatch_pysurfline.ipynb fue exitosa
2024-12-26 17:21:06,401 - INFO - Iniciando ejecución del notebook: C:\\Users\\dalarroy\\surf-prediction-project\\main\\yatch\\yatch_scrap.ipynb
2024-12-26 17:21:36,398 - INFO - La ingesta del día 2024-12-26 17:21:36.398445 para el notebook C:\\Users\\dalarroy\\surf-prediction-project\\main\\yatch\\yatch_scrap.ipynb fue exitosa
2024-12-27 15:55:52,417 - INFO - Iniciando ejecución del notebook: C:\\Users\\dalarroy\\surf-prediction-project\\main\\bio\\bio_pysurfline.ipynb
2024-12-27 15:56:29,827 - ERROR - Error al ejecutar el notebook C:\\Users\\dalarroy\\surf-prediction-project\\main\\bio\\bio_pysurfline.ipynb: [NbConvertApp] Converting notebook C:\\Users\\dalarroy\\surf-prediction-project\\main\\bio\\bio_pysurfline.ipynb to notebook
C:\Users\dalarroy\AppData\Local\pypoetry\Cache\virtualenvs\surf-prediction-project-FAp9yEkR-py3.10\lib\site-packages\zmq\_future.py:724: RuntimeWarning: Proactor event loop does not implement add_reader family of methods required for zmq. Registering an additional selector thread for add_reader support via tornado. Use `asyncio.set_event_loop_policy(WindowsSelectorEventLoopPolicy())` to avoid this warning.
  self._get_loop()
Traceback (most recent call last):
  File "C:\Users\dalarroy\AppData\Local\Programs\Python\Python310\lib\runpy.py", line 196, in _run_module_as_main
    return _run_code(code, main_globals, None,
  File "C:\Users\dalarroy\AppData\Local\Programs\Python\Python310\lib\runpy.py", line 86, in _run_code
    exec(code, run_globals)
  File "C:\Users\dalarroy\AppData\Local\pypoetry\Cache\virtualenvs\surf-prediction-project-FAp9yEkR-py3.10\Scripts\jupyter-nbconvert.EXE\__main__.py", line 7, in <module>
    sys.exit(main())
  File "C:\Users\dalarroy\AppData\Local\pypoetry\Cache\virtualenvs\surf-prediction-project-FAp9yEkR-py3.10\lib\site-packages\jupyter_core\application.py", line 283, in launch_instance
    super().launch_instance(argv=argv, **kwargs)
  File "C:\Users\dalarroy\AppData\Local\pypoetry\Cache\virtualenvs\surf-prediction-project-FAp9yEkR-py3.10\lib\site-packages\traitlets\config\application.py", line 1075, in launch_instance
    app.start()
  File "C:\Users\dalarroy\AppData\Local\pypoetry\Cache\virtualenvs\surf-prediction-project-FAp9yEkR-py3.10\lib\site-packages\nbconvert\nbconvertapp.py", line 420, in start
    self.convert_notebooks()
  File "C:\Users\dalarroy\AppData\Local\pypoetry\Cache\virtualenvs\surf-prediction-project-FAp9yEkR-py3.10\lib\site-packages\nbconvert\nbconvertapp.py", line 597, in convert_notebooks
    self.convert_single_notebook(notebook_filename)
  File "C:\Users\dalarroy\AppData\Local\pypoetry\Cache\virtualenvs\surf-prediction-project-FAp9yEkR-py3.10\lib\site-packages\nbconvert\nbconvertapp.py", line 563, in convert_single_notebook
    output, resources = self.export_single_notebook(
  File "C:\Users\dalarroy\AppData\Local\pypoetry\Cache\virtualenvs\surf-prediction-project-FAp9yEkR-py3.10\lib\site-packages\nbconvert\nbconvertapp.py", line 487, in export_single_notebook
    output, resources = self.exporter.from_filename(
  File "C:\Users\dalarroy\AppData\Local\pypoetry\Cache\virtualenvs\surf-prediction-project-FAp9yEkR-py3.10\lib\site-packages\nbconvert\exporters\exporter.py", line 201, in from_filename
    return self.from_file(f, resources=resources, **kw)
  File "C:\Users\dalarroy\AppData\Local\pypoetry\Cache\virtualenvs\surf-prediction-project-FAp9yEkR-py3.10\lib\site-packages\nbconvert\exporters\exporter.py", line 220, in from_file
    return self.from_notebook_node(
  File "C:\Users\dalarroy\AppData\Local\pypoetry\Cache\virtualenvs\surf-prediction-project-FAp9yEkR-py3.10\lib\site-packages\nbconvert\exporters\notebook.py", line 36, in from_notebook_node
    nb_copy, resources = super().from_notebook_node(nb, resources, **kw)
  File "C:\Users\dalarroy\AppData\Local\pypoetry\Cache\virtualenvs\surf-prediction-project-FAp9yEkR-py3.10\lib\site-packages\nbconvert\exporters\exporter.py", line 154, in from_notebook_node
    nb_copy, resources = self._preprocess(nb_copy, resources)
  File "C:\Users\dalarroy\AppData\Local\pypoetry\Cache\virtualenvs\surf-prediction-project-FAp9yEkR-py3.10\lib\site-packages\nbconvert\exporters\exporter.py", line 353, in _preprocess
    nbc, resc = preprocessor(nbc, resc)
  File "C:\Users\dalarroy\AppData\Local\pypoetry\Cache\virtualenvs\surf-prediction-project-FAp9yEkR-py3.10\lib\site-packages\nbconvert\preprocessors\base.py", line 48, in __call__
    return self.preprocess(nb, resources)
  File "C:\Users\dalarroy\AppData\Local\pypoetry\Cache\virtualenvs\surf-prediction-project-FAp9yEkR-py3.10\lib\site-packages\nbconvert\preprocessors\execute.py", line 103, in preprocess
    self.preprocess_cell(cell, resources, index)
  File "C:\Users\dalarroy\AppData\Local\pypoetry\Cache\virtualenvs\surf-prediction-project-FAp9yEkR-py3.10\lib\site-packages\nbconvert\preprocessors\execute.py", line 124, in preprocess_cell
    cell = self.execute_cell(cell, index, store_history=True)
  File "C:\Users\dalarroy\AppData\Local\pypoetry\Cache\virtualenvs\surf-prediction-project-FAp9yEkR-py3.10\lib\site-packages\jupyter_core\utils\__init__.py", line 165, in wrapped
    return loop.run_until_complete(inner)
  File "C:\Users\dalarroy\AppData\Local\Programs\Python\Python310\lib\asyncio\base_events.py", line 641, in run_until_complete
    return future.result()
  File "C:\Users\dalarroy\AppData\Local\pypoetry\Cache\virtualenvs\surf-prediction-project-FAp9yEkR-py3.10\lib\site-packages\nbclient\client.py", line 1062, in async_execute_cell
    await self._check_raise_for_error(cell, cell_index, exec_reply)
  File "C:\Users\dalarroy\AppData\Local\pypoetry\Cache\virtualenvs\surf-prediction-project-FAp9yEkR-py3.10\lib\site-packages\nbclient\client.py", line 918, in _check_raise_for_error
    raise CellExecutionError.from_cell_and_msg(cell, exec_reply_content)
nbclient.exceptions.CellExecutionError: An error occurred while executing the following cell:
------------------

# Definir la ruta de la carpeta 'data'
folder_path = "C:\\Users\\dalarroy\\surf-prediction-project\\data"

# Definir la ruta completa al archivo Excel
file_path = os.path.join(folder_path, "bio_pysurfline.xlsx")

# Crear la carpeta si no existe
if not os.path.exists(folder_path):
    os.makedirs(folder_path)

# Verificar si el archivo ya existe
if os.path.exists(file_path):
    # Leer el archivo Excel existente
    existing_df = pd.read_excel(file_path, engine='openpyxl')
    
    # Concatenar el DataFrame existente con el nuevo DataFrame (df_pysurfline)
    df_combined = pd.concat([existing_df, df_pysurfline], ignore_index=True)
else:
    # Si el archivo no existe, usar solo el nuevo DataFrame
    df_combined = df_pysurfline

# Guardar el DataFrame combinado (nuevo + existente) en el archivo Excel
df_combined.to_excel(file_path, index=False, engine='openpyxl')

print(f"El DataFrame se ha guardado correctamente en '{file_path}'")
------------------


[1;31m---------------------------------------------------------------------------[0m
[1;31mPermissionError[0m                           Traceback (most recent call last)
Cell [1;32mIn[5], line 23[0m
[0;32m     20[0m     df_combined [38;5;241m=[39m df_pysurfline
[0;32m     22[0m [38;5;66;03m# Guardar el DataFrame combinado (nuevo + existente) en el archivo Excel[39;00m
[1;32m---> 23[0m [43mdf_combined[49m[38;5;241;43m.[39;49m[43mto_excel[49m[43m([49m[43mfile_path[49m[43m,[49m[43m [49m[43mindex[49m[38;5;241;43m=[39;49m[38;5;28;43;01mFalse[39;49;00m[43m,[49m[43m [49m[43mengine[49m[38;5;241;43m=[39;49m[38;5;124;43m'[39;49m[38;5;124;43mopenpyxl[39;49m[38;5;124;43m'[39;49m[43m)[49m
[0;32m     25[0m [38;5;28mprint[39m([38;5;124mf[39m[38;5;124m"[39m[38;5;124mEl DataFrame se ha guardado correctamente en [39m[38;5;124m'[39m[38;5;132;01m{[39;00mfile_path[38;5;132;01m}[39;00m[38;5;124m'[39m[38;5;124m"[39m)

File [1;32m~\AppData\Local\pypoetry\Cache\virtualenvs\surf-prediction-project-FAp9yEkR-py3.10\lib\site-packages\pandas\util\_decorators.py:333[0m, in [0;36mdeprecate_nonkeyword_arguments.<locals>.decorate.<locals>.wrapper[1;34m(*args, **kwargs)[0m
[0;32m    327[0m [38;5;28;01mif[39;00m [38;5;28mlen[39m(args) [38;5;241m>[39m num_allow_args:
[0;32m    328[0m     warnings[38;5;241m.[39mwarn(
[0;32m    329[0m         msg[38;5;241m.[39mformat(arguments[38;5;241m=[39m_format_argument_list(allow_args)),
[0;32m    330[0m         [38;5;167;01mFutureWarning[39;00m,
[0;32m    331[0m         stacklevel[38;5;241m=[39mfind_stack_level(),
[0;32m    332[0m     )
[1;32m--> 333[0m [38;5;28;01mreturn[39;00m func([38;5;241m*[39margs, [38;5;241m*[39m[38;5;241m*[39mkwargs)

File [1;32m~\AppData\Local\pypoetry\Cache\virtualenvs\surf-prediction-project-FAp9yEkR-py3.10\lib\site-packages\pandas\core\generic.py:2417[0m, in [0;36mNDFrame.to_excel[1;34m(self, excel_writer, sheet_name, na_rep, float_format, columns, header, index, index_label, startrow, startcol, engine, merge_cells, inf_rep, freeze_panes, storage_options, engine_kwargs)[0m
[0;32m   2404[0m [38;5;28;01mfrom[39;00m [38;5;21;01mpandas[39;00m[38;5;21;01m.[39;00m[38;5;21;01mio[39;00m[38;5;21;01m.[39;00m[38;5;21;01mformats[39;00m[38;5;21;01m.[39;00m[38;5;21;01mexcel[39;00m [38;5;28;01mimport[39;00m ExcelFormatter
[0;32m   2406[0m formatter [38;5;241m=[39m ExcelFormatter(
[0;32m   2407[0m     df,
[0;32m   2408[0m     na_rep[38;5;241m=[39mna_rep,
[1;32m   (...)[0m
[0;32m   2415[0m     inf_rep[38;5;241m=[39minf_rep,
[0;32m   2416[0m )
[1;32m-> 2417[0m [43mformatter[49m[38;5;241;43m.[39;49m[43mwrite[49m[43m([49m
[0;32m   2418[0m [43m    [49m[43mexcel_writer[49m[43m,[49m
[0;32m   2419[0m [43m    [49m[43msheet_name[49m[38;5;241;43m=[39;49m[43msheet_name[49m[43m,[49m
[0;32m   2420[0m [43m    [49m[43mstartrow[49m[38;5;241;43m=[39;49m[43mstartrow[49m[43m,[49m
[0;32m   2421[0m [43m    [49m[43mstartcol[49m[38;5;241;43m=[39;49m[43mstartcol[49m[43m,[49m
[0;32m   2422[0m [43m    [49m[43mfreeze_panes[49m[38;5;241;43m=[39;49m[43mfreeze_panes[49m[43m,[49m
[0;32m   2423[0m [43m    [49m[43mengine[49m[38;5;241;43m=[39;49m[43mengine[49m[43m,[49m
[0;32m   2424[0m [43m    [49m[43mstorage_options[49m[38;5;241;43m=[39;49m[43mstorage_options[49m[43m,[49m
[0;32m   2425[0m [43m    [49m[43mengine_kwargs[49m[38;5;241;43m=[39;49m[43mengine_kwargs[49m[43m,[49m
[0;32m   2426[0m [43m[49m[43m)[49m

File [1;32m~\AppData\Local\pypoetry\Cache\virtualenvs\surf-prediction-project-FAp9yEkR-py3.10\lib\site-packages\pandas\io\formats\excel.py:943[0m, in [0;36mExcelFormatter.write[1;34m(self, writer, sheet_name, startrow, startcol, freeze_panes, engine, storage_options, engine_kwargs)[0m
[0;32m    941[0m     need_save [38;5;241m=[39m [38;5;28;01mFalse[39;00m
[0;32m    942[0m [38;5;28;01melse[39;00m:
[1;32m--> 943[0m     writer [38;5;241m=[39m [43mExcelWriter[49m[43m([49m
[0;32m    944[0m [43m        [49m[43mwriter[49m[43m,[49m
[0;32m    945[0m [43m        [49m[43mengine[49m[38;5;241;43m=[39;49m[43mengine[49m[43m,[49m
[0;32m    946[0m [43m        [49m[43mstorage_options[49m[38;5;241;43m=[39;49m[43mstorage_options[49m[43m,[49m
[0;32m    947[0m [43m        [49m[43mengine_kwargs[49m[38;5;241;43m=[39;49m[43mengine_kwargs[49m[43m,[49m
[0;32m    948[0m [43m    [49m[43m)[49m
[0;32m    949[0m     need_save [38;5;241m=[39m [38;5;28;01mTrue[39;00m
[0;32m    951[0m [38;5;28;01mtry[39;00m:

File [1;32m~\AppData\Local\pypoetry\Cache\virtualenvs\surf-prediction-project-FAp9yEkR-py3.10\lib\site-packages\pandas\io\excel\_openpyxl.py:61[0m, in [0;36mOpenpyxlWriter.__init__[1;34m(self, path, engine, date_format, datetime_format, mode, storage_options, if_sheet_exists, engine_kwargs, **kwargs)[0m
[0;32m     57[0m [38;5;28;01mfrom[39;00m [38;5;21;01mopenpyxl[39;00m[38;5;21;01m.[39;00m[38;5;21;01mworkbook[39;00m [38;5;28;01mimport[39;00m Workbook
[0;32m     59[0m engine_kwargs [38;5;241m=[39m combine_kwargs(engine_kwargs, kwargs)
[1;32m---> 61[0m [38;5;28;43msuper[39;49m[43m([49m[43m)[49m[38;5;241;43m.[39;49m[38;5;21;43m__init__[39;49m[43m([49m
[0;32m     62[0m [43m    [49m[43mpath[49m[43m,[49m
[0;32m     63[0m [43m    [49m[43mmode[49m[38;5;241;43m=[39;49m[43mmode[49m[43m,[49m
[0;32m     64[0m [43m    [49m[43mstorage_options[49m[38;5;241;43m=[39;49m[43mstorage_options[49m[43m,[49m
[0;32m     65[0m [43m    [49m[43mif_sheet_exists[49m[38;5;241;43m=[39;49m[43mif_sheet_exists[49m[43m,[49m
[0;32m     66[0m [43m    [49m[43mengine_kwargs[49m[38;5;241;43m=[39;49m[43mengine_kwargs[49m[43m,[49m
[0;32m     67[0m [43m[49m[43m)[49m
[0;32m     69[0m [38;5;66;03m# ExcelWriter replaced "a" by "r+" to allow us to first read the excel file from[39;00m
[0;32m     70[0m [38;5;66;03m# the file and later write to it[39;00m
[0;32m     71[0m [38;5;28;01mif[39;00m [38;5;124m"[39m[38;5;124mr+[39m[38;5;124m"[39m [38;5;129;01min[39;00m [38;5;28mself[39m[38;5;241m.[39m_mode:  [38;5;66;03m# Load from existing workbook[39;00m

File [1;32m~\AppData\Local\pypoetry\Cache\virtualenvs\surf-prediction-project-FAp9yEkR-py3.10\lib\site-packages\pandas\io\excel\_base.py:1246[0m, in [0;36mExcelWriter.__init__[1;34m(self, path, engine, date_format, datetime_format, mode, storage_options, if_sheet_exists, engine_kwargs)[0m
[0;32m   1242[0m [38;5;28mself[39m[38;5;241m.[39m_handles [38;5;241m=[39m IOHandles(
[0;32m   1243[0m     cast(IO[[38;5;28mbytes[39m], path), compression[38;5;241m=[39m{[38;5;124m"[39m[38;5;124mcompression[39m[38;5;124m"[39m: [38;5;28;01mNone[39;00m}
[0;32m   1244[0m )
[0;32m   1245[0m [38;5;28;01mif[39;00m [38;5;129;01mnot[39;00m [38;5;28misinstance[39m(path, ExcelWriter):
[1;32m-> 1246[0m     [38;5;28mself[39m[38;5;241m.[39m_handles [38;5;241m=[39m [43mget_handle[49m[43m([49m
[0;32m   1247[0m [43m        [49m[43mpath[49m[43m,[49m[43m [49m[43mmode[49m[43m,[49m[43m [49m[43mstorage_options[49m[38;5;241;43m=[39;49m[43mstorage_options[49m[43m,[49m[43m [49m[43mis_text[49m[38;5;241;43m=[39;49m[38;5;28;43;01mFalse[39;49;00m
[0;32m   1248[0m [43m    [49m[43m)[49m
[0;32m   1249[0m [38;5;28mself[39m[38;5;241m.[39m_cur_sheet [38;5;241m=[39m [38;5;28;01mNone[39;00m
[0;32m   1251[0m [38;5;28;01mif[39;00m date_format [38;5;129;01mis[39;00m [38;5;28;01mNone[39;00m:

File [1;32m~\AppData\Local\pypoetry\Cache\virtualenvs\surf-prediction-project-FAp9yEkR-py3.10\lib\site-packages\pandas\io\common.py:882[0m, in [0;36mget_handle[1;34m(path_or_buf, mode, encoding, compression, memory_map, is_text, errors, storage_options)[0m
[0;32m    873[0m         handle [38;5;241m=[39m [38;5;28mopen[39m(
[0;32m    874[0m             handle,
[0;32m    875[0m             ioargs[38;5;241m.[39mmode,
[1;32m   (...)[0m
[0;32m    878[0m             newline[38;5;241m=[39m[38;5;124m"[39m[38;5;124m"[39m,
[0;32m    879[0m         )
[0;32m    880[0m     [38;5;28;01melse[39;00m:
[0;32m    881[0m         [38;5;66;03m# Binary mode[39;00m
[1;32m--> 882[0m         handle [38;5;241m=[39m [38;5;28;43mopen[39;49m[43m([49m[43mhandle[49m[43m,[49m[43m [49m[43mioargs[49m[38;5;241;43m.[39;49m[43mmode[49m[43m)[49m
[0;32m    883[0m     handles[38;5;241m.[39mappend(handle)
[0;32m    885[0m [38;5;66;03m# Convert BytesIO or file objects passed with an encoding[39;00m

[1;31mPermissionError[0m: [Errno 13] Permission denied: 'C:\\Users\\dalarroy\\surf-prediction-project\\data\\bio_pysurfline.xlsx'


2024-12-27 15:56:29,927 - INFO - Iniciando ejecución del notebook: C:\\Users\\dalarroy\\surf-prediction-project\\main\\bio\\bio_scrap.ipynb
2024-12-28 11:00:11,868 - INFO - Iniciando ejecución del notebook: C:\\Users\\dalarroy\\surf-prediction-project\\main\\bio\\bio_pysurfline.ipynb
2024-12-28 11:00:36,707 - INFO - La ingesta del día 2024-12-28 11:00:36.707971 para el notebook C:\\Users\\dalarroy\\surf-prediction-project\\main\\bio\\bio_pysurfline.ipynb fue exitosa
2024-12-28 11:00:36,709 - INFO - Iniciando ejecución del notebook: C:\\Users\\dalarroy\\surf-prediction-project\\main\\bio\\bio_scrap.ipynb
2024-12-28 11:01:51,999 - INFO - La ingesta del día 2024-12-28 11:01:51.999942 para el notebook C:\\Users\\dalarroy\\surf-prediction-project\\main\\bio\\bio_scrap.ipynb fue exitosa
2024-12-28 11:01:51,999 - INFO - Iniciando ejecución del notebook: C:\Users\\dalarroy\\surf-prediction-project\\main\\pg\\Ingesta_pysurfline.ipynb
2024-12-28 11:02:07,807 - INFO - La ingesta del día 2024-12-28 11:02:07.807527 para el notebook C:\Users\\dalarroy\\surf-prediction-project\\main\\pg\\Ingesta_pysurfline.ipynb fue exitosa
2024-12-28 11:02:07,808 - INFO - Iniciando ejecución del notebook: C:\\Users\\dalarroy\\surf-prediction-project\\main\\pg\\surfline_scrap.ipynb
2024-12-28 11:03:50,368 - INFO - La ingesta del día 2024-12-28 11:03:50.368215 para el notebook C:\\Users\\dalarroy\\surf-prediction-project\\main\\pg\\surfline_scrap.ipynb fue exitosa
2024-12-28 11:03:50,372 - INFO - Iniciando ejecución del notebook: C:\\Users\\dalarroy\\surf-prediction-project\\main\\yatch\\yatch_pysurfline.ipynb
2024-12-28 11:04:03,244 - INFO - La ingesta del día 2024-12-28 11:04:03.244648 para el notebook C:\\Users\\dalarroy\\surf-prediction-project\\main\\yatch\\yatch_pysurfline.ipynb fue exitosa
2024-12-28 11:04:03,245 - INFO - Iniciando ejecución del notebook: C:\\Users\\dalarroy\\surf-prediction-project\\main\\yatch\\yatch_scrap.ipynb
2024-12-28 11:05:59,598 - INFO - La ingesta del día 2024-12-28 11:05:59.598564 para el notebook C:\\Users\\dalarroy\\surf-prediction-project\\main\\yatch\\yatch_scrap.ipynb fue exitosa
